{"level":"error","message":"middlewareError","meta":{"date":"Wed Jul 30 2025 20:23:57 GMT+0500 (Uzbekistan Standard Time)","error":{"isOperational":true,"status":"fail","statusCode":409},"exception":true,"level":"error","message":"uncaughtException: Email or password incorrect\nError: Email or password incorrect\n    at signIn (file:///home/linux/Desktop/Najot%20Talim/dFarkhod/NT-BACK-3-HW/src/controller/saller.controller.js:45:23)\n    at process.processTicksAndRejections (node:internal/process/task_queues:95:5)","os":{"loadavg":[0.42,1,0.98],"uptime":8976.83},"process":{"argv":["/usr/bin/node","/home/linux/Desktop/Najot Talim/dFarkhod/NT-BACK-3-HW/src/server-11.js"],"cwd":"/home/linux/Desktop/Najot Talim/dFarkhod/NT-BACK-3-HW","execPath":"/usr/bin/node","gid":1000,"memoryUsage":{"arrayBuffers":18425328,"external":19890984,"heapTotal":78721024,"heapUsed":34719456,"rss":129867776},"pid":120328,"uid":1000,"version":"v18.20.8"},"req":{"headers":{"accept":"*/*","accept-encoding":"gzip, deflate, br","connection":"keep-alive","content-length":"59","content-type":"application/json","cookie":"refreshTokenSaller=eyJhbGciOiJIUzI1NiIsInR5cCI6IkpXVCJ9.eyJpZCI6IjY4OGExZGQ2N2EyYzQ1ZjNkNjIzNzNhOCIsInJvbGUiOiJTQUxMRVIiLCJpc0FjdGl2ZSI6ZmFsc2UsImlhdCI6MTc1Mzg4ODM0NiwiZXhwIjoxNzU2NDgwMzQ2fQ.AYlUFPI9pLKai-OrWUYHfoX02THN6eZIU3nAajUTeEU","host":"localhost:3030","postman-token":"2c59954e-a13f-4f62-9831-89defdf42793","user-agent":"PostmanRuntime/7.44.1"},"httpVersion":"1.1","method":"POST","originalUrl":"/api/saller/signin","query":{},"url":"/api/saller/signin"},"stack":"Error: Email or password incorrect\n    at signIn (file:///home/linux/Desktop/Najot%20Talim/dFarkhod/NT-BACK-3-HW/src/controller/saller.controller.js:45:23)\n    at process.processTicksAndRejections (node:internal/process/task_queues:95:5)","trace":[{"column":23,"file":"file:///home/linux/Desktop/Najot%20Talim/dFarkhod/NT-BACK-3-HW/src/controller/saller.controller.js","function":"signIn","line":45,"method":null,"native":false},{"column":5,"file":"node:internal/process/task_queues","function":"process.processTicksAndRejections","line":95,"method":"processTicksAndRejections","native":false}]},"timestamp":"30/07/2025, 20:23:57"}
{"level":"error","message":"409 Email or password incorrect","timestamp":"30/07/2025, 20:23:57"}
{"level":"error","message":"middlewareError","meta":{"date":"Wed Jul 30 2025 20:24:10 GMT+0500 (Uzbekistan Standard Time)","error":{"isOperational":true,"status":"fail","statusCode":409},"exception":true,"level":"error","message":"uncaughtException: Email or password incorrect\nError: Email or password incorrect\n    at signIn (file:///home/linux/Desktop/Najot%20Talim/dFarkhod/NT-BACK-3-HW/src/controller/saller.controller.js:45:23)\n    at process.processTicksAndRejections (node:internal/process/task_queues:95:5)","os":{"loadavg":[1.73,1.27,1.07],"uptime":8989.21},"process":{"argv":["/usr/bin/node","/home/linux/Desktop/Najot Talim/dFarkhod/NT-BACK-3-HW/src/server-11.js"],"cwd":"/home/linux/Desktop/Najot Talim/dFarkhod/NT-BACK-3-HW","execPath":"/usr/bin/node","gid":1000,"memoryUsage":{"arrayBuffers":18322588,"external":19786908,"heapTotal":35467264,"heapUsed":32642600,"rss":93253632},"pid":120328,"uid":1000,"version":"v18.20.8"},"req":{"headers":{"accept":"*/*","accept-encoding":"gzip, deflate, br","connection":"keep-alive","content-length":"59","content-type":"application/json","cookie":"refreshTokenSaller=eyJhbGciOiJIUzI1NiIsInR5cCI6IkpXVCJ9.eyJpZCI6IjY4OGExZGQ2N2EyYzQ1ZjNkNjIzNzNhOCIsInJvbGUiOiJTQUxMRVIiLCJpc0FjdGl2ZSI6ZmFsc2UsImlhdCI6MTc1Mzg4ODM0NiwiZXhwIjoxNzU2NDgwMzQ2fQ.AYlUFPI9pLKai-OrWUYHfoX02THN6eZIU3nAajUTeEU","host":"localhost:3030","postman-token":"b35f64ee-a092-4354-9c28-be2a0b3b18c9","user-agent":"PostmanRuntime/7.44.1"},"httpVersion":"1.1","method":"POST","originalUrl":"/api/saller/signin","query":{},"url":"/api/saller/signin"},"stack":"Error: Email or password incorrect\n    at signIn (file:///home/linux/Desktop/Najot%20Talim/dFarkhod/NT-BACK-3-HW/src/controller/saller.controller.js:45:23)\n    at process.processTicksAndRejections (node:internal/process/task_queues:95:5)","trace":[{"column":23,"file":"file:///home/linux/Desktop/Najot%20Talim/dFarkhod/NT-BACK-3-HW/src/controller/saller.controller.js","function":"signIn","line":45,"method":null,"native":false},{"column":5,"file":"node:internal/process/task_queues","function":"process.processTicksAndRejections","line":95,"method":"processTicksAndRejections","native":false}]},"timestamp":"30/07/2025, 20:24:10"}
{"level":"error","message":"409 Email or password incorrect","timestamp":"30/07/2025, 20:24:10"}
{"level":"error","message":"middlewareError","meta":{"date":"Wed Jul 30 2025 20:24:11 GMT+0500 (Uzbekistan Standard Time)","error":{"isOperational":true,"status":"fail","statusCode":409},"exception":true,"level":"error","message":"uncaughtException: Email or password incorrect\nError: Email or password incorrect\n    at signIn (file:///home/linux/Desktop/Najot%20Talim/dFarkhod/NT-BACK-3-HW/src/controller/saller.controller.js:45:23)\n    at process.processTicksAndRejections (node:internal/process/task_queues:95:5)","os":{"loadavg":[1.73,1.27,1.07],"uptime":8990.01},"process":{"argv":["/usr/bin/node","/home/linux/Desktop/Najot Talim/dFarkhod/NT-BACK-3-HW/src/server-11.js"],"cwd":"/home/linux/Desktop/Najot Talim/dFarkhod/NT-BACK-3-HW","execPath":"/usr/bin/node","gid":1000,"memoryUsage":{"arrayBuffers":18339326,"external":19803646,"heapTotal":35467264,"heapUsed":33202512,"rss":93777920},"pid":120328,"uid":1000,"version":"v18.20.8"},"req":{"headers":{"accept":"*/*","accept-encoding":"gzip, deflate, br","connection":"keep-alive","content-length":"59","content-type":"application/json","cookie":"refreshTokenSaller=eyJhbGciOiJIUzI1NiIsInR5cCI6IkpXVCJ9.eyJpZCI6IjY4OGExZGQ2N2EyYzQ1ZjNkNjIzNzNhOCIsInJvbGUiOiJTQUxMRVIiLCJpc0FjdGl2ZSI6ZmFsc2UsImlhdCI6MTc1Mzg4ODM0NiwiZXhwIjoxNzU2NDgwMzQ2fQ.AYlUFPI9pLKai-OrWUYHfoX02THN6eZIU3nAajUTeEU","host":"localhost:3030","postman-token":"140b5f38-6c73-4a27-ae37-8bd144f8037f","user-agent":"PostmanRuntime/7.44.1"},"httpVersion":"1.1","method":"POST","originalUrl":"/api/saller/signin","query":{},"url":"/api/saller/signin"},"stack":"Error: Email or password incorrect\n    at signIn (file:///home/linux/Desktop/Najot%20Talim/dFarkhod/NT-BACK-3-HW/src/controller/saller.controller.js:45:23)\n    at process.processTicksAndRejections (node:internal/process/task_queues:95:5)","trace":[{"column":23,"file":"file:///home/linux/Desktop/Najot%20Talim/dFarkhod/NT-BACK-3-HW/src/controller/saller.controller.js","function":"signIn","line":45,"method":null,"native":false},{"column":5,"file":"node:internal/process/task_queues","function":"process.processTicksAndRejections","line":95,"method":"processTicksAndRejections","native":false}]},"timestamp":"30/07/2025, 20:24:11"}
{"level":"error","message":"409 Email or password incorrect","timestamp":"30/07/2025, 20:24:11"}
{"level":"error","message":"409 Email or password incorrect","timestamp":"30/07/2025, 20:26:15"}
{"level":"error","message":"409 Email or password incorrect","timestamp":"30/07/2025, 20:26:16"}
{"level":"info","message":"eyJhbGciOiJIUzI1NiIsInR5cCI6IkpXVCJ9.eyJpZCI6IjY4OGExZGQ2N2EyYzQ1ZjNkNjIzNzNhOCIsInJvbGUiOiJTQUxMRVIiLCJpc0FjdGl2ZSI6ZmFsc2UsImlhdCI6MTc1Mzg5NDA2NSwiZXhwIjoxNzUzOTgwNDY1fQ.11xLmHRL4-ubaBBoHhEUOTiJFLMHtkqMc-DM3Kkzqes 200","timestamp":"30/07/2025, 21:47:45"}
{"level":"error","message":"409 Email or password incorrect","timestamp":"30/07/2025, 21:47:58"}
{"level":"error","message":"409 Email or password incorrect","timestamp":"30/07/2025, 21:50:46"}
{"level":"error","message":"409 Email or password incorrect","timestamp":"30/07/2025, 21:50:55"}
{"level":"error","message":"409 Email or password incorrect","timestamp":"30/07/2025, 21:50:55"}
{"level":"error","message":"409 Email or password incorrect","timestamp":"30/07/2025, 21:50:56"}
{"level":"error","message":"409 Email or password incorrect","timestamp":"30/07/2025, 21:50:56"}
{"level":"error","message":"409 Email or password incorrect","timestamp":"30/07/2025, 21:50:57"}
{"level":"error","message":"409 Email or password incorrect","timestamp":"30/07/2025, 21:50:58"}
{"level":"error","message":"409 Email or password incorrect","timestamp":"30/07/2025, 21:50:59"}
{"level":"error","message":"409 Email or password incorrect","timestamp":"30/07/2025, 21:52:12"}
{"level":"error","message":"409 Email or password incorrect","timestamp":"30/07/2025, 21:52:13"}
{"level":"error","message":"409 Email or password incorrect","timestamp":"30/07/2025, 21:52:14"}
{"level":"error","message":"409 Email or password incorrect","timestamp":"30/07/2025, 21:52:14"}
{"level":"error","message":"409 Email or password incorrect","timestamp":"30/07/2025, 21:52:14"}
{"level":"error","message":"409 Email or password incorrect","timestamp":"30/07/2025, 21:52:15"}
{"level":"error","message":"409 Email or password incorrect","timestamp":"30/07/2025, 21:52:15"}
{"level":"error","message":"409 Email or password incorrect","timestamp":"30/07/2025, 21:52:15"}
{"level":"error","message":"409 Email or password incorrect","timestamp":"30/07/2025, 21:52:16"}
{"level":"info","message":"eyJhbGciOiJIUzI1NiIsInR5cCI6IkpXVCJ9.eyJpZCI6IjY4OGExZGQ2N2EyYzQ1ZjNkNjIzNzNhOCIsInJvbGUiOiJTQUxMRVIiLCJpc0FjdGl2ZSI6ZmFsc2UsImlhdCI6MTc1Mzg5NDMzOSwiZXhwIjoxNzUzOTgwNzM5fQ.2n0waZ-mzY7EwBtK1I7E8DP2dQUzdijeVw3dyAiWhvo 200","timestamp":"30/07/2025, 21:52:19"}
{"level":"info","message":"eyJhbGciOiJIUzI1NiIsInR5cCI6IkpXVCJ9.eyJpZCI6IjY4OGExZGQ2N2EyYzQ1ZjNkNjIzNzNhOCIsInJvbGUiOiJTQUxMRVIiLCJpc0FjdGl2ZSI6ZmFsc2UsImlhdCI6MTc1Mzg5NDM0MCwiZXhwIjoxNzUzOTgwNzQwfQ.5wZUrnEbPlqeJl2cX5_PEmbddLLSFw5T1D5TXqFlefg 200","timestamp":"30/07/2025, 21:52:20"}
{"level":"error","message":"409 Email or password incorrect","timestamp":"30/07/2025, 21:52:25"}
{"level":"error","message":"409 Email or password incorrect","timestamp":"30/07/2025, 21:52:26"}
{"level":"info","message":"eyJhbGciOiJIUzI1NiIsInR5cCI6IkpXVCJ9.eyJpZCI6IjY4OGExZGQ2N2EyYzQ1ZjNkNjIzNzNhOCIsInJvbGUiOiJTQUxMRVIiLCJpc0FjdGl2ZSI6ZmFsc2UsImlhdCI6MTc1Mzg5NDM1MCwiZXhwIjoxNzUzOTgwNzUwfQ.F6-t-IwPx1gKo2aAJBOe5zciIsIqGUQee7-A8mVJ3hE 200","timestamp":"30/07/2025, 21:52:30"}
{"level":"info","message":"eyJhbGciOiJIUzI1NiIsInR5cCI6IkpXVCJ9.eyJpZCI6IjY4OGExZGQ2N2EyYzQ1ZjNkNjIzNzNhOCIsInJvbGUiOiJTQUxMRVIiLCJpc0FjdGl2ZSI6ZmFsc2UsImlhdCI6MTc1Mzg5NDM5NSwiZXhwIjoxNzUzOTgwNzk1fQ._oAtTwlBFiEXklHZjYCGwkmMNVsrp5-IIQsQHf_2J_g 200","timestamp":"30/07/2025, 21:53:15"}
{"level":"info","message":"eyJhbGciOiJIUzI1NiIsInR5cCI6IkpXVCJ9.eyJpZCI6IjY4OGExZGQ2N2EyYzQ1ZjNkNjIzNzNhOCIsInJvbGUiOiJTQUxMRVIiLCJpc0FjdGl2ZSI6ZmFsc2UsImlhdCI6MTc1Mzg5NDM5NiwiZXhwIjoxNzUzOTgwNzk2fQ.h8KTiJp4EP-TM90Wa4N_tY_sXMidwKwccNc0iisfVh8 200","timestamp":"30/07/2025, 21:53:16"}
{"level":"info","message":"eyJhbGciOiJIUzI1NiIsInR5cCI6IkpXVCJ9.eyJpZCI6IjY4OGExZGQ2N2EyYzQ1ZjNkNjIzNzNhOCIsInJvbGUiOiJTQUxMRVIiLCJpc0FjdGl2ZSI6ZmFsc2UsImlhdCI6MTc1Mzg5NDM5NywiZXhwIjoxNzUzOTgwNzk3fQ.f2UdKILWLxsL04HJ-GyDgHOj_9R7gefB_X6WcOyT8rY 200","timestamp":"30/07/2025, 21:53:17"}
{"level":"error","message":"409 Phone or password incorrect","timestamp":"30/07/2025, 21:53:20"}
{"level":"info","message":"eyJhbGciOiJIUzI1NiIsInR5cCI6IkpXVCJ9.eyJpZCI6IjY4OGExZGQ2N2EyYzQ1ZjNkNjIzNzNhOCIsInJvbGUiOiJTQUxMRVIiLCJpc0FjdGl2ZSI6ZmFsc2UsImlhdCI6MTc1Mzg5NDQwNywiZXhwIjoxNzUzOTgwODA3fQ.90yoyw9h6oRFaS3ytA4BjN7oYFe9UPV_EbvXKuT23To 200","timestamp":"30/07/2025, 21:53:27"}
{
  message: 'eyJhbGciOiJIUzI1NiIsInR5cCI6IkpXVCJ9.eyJpZCI6IjY4OGExZGQ2N2EyYzQ1ZjNkNjIzNzNhOCIsInJvbGUiOiJTQUxMRVIiLCJpc0FjdGl2ZSI6ZmFsc2UsImlhdCI6MTc1Mzg5NDUwNiwiZXhwIjoxNzUzOTgwOTA2fQ.IWkYRniEpKXLJHx4VC5zSen3XhdvCbWDxm07Dk33Ikc 200',
  level: 'info',
  timestamp: '30/07/2025, 21:55:06'
}
{
  message: '409 Phone or password incorrect',
  level: 'error',
  timestamp: '30/07/2025, 21:55:19'
}
{
  message: '409 Phone or password incorrect',
  level: 'error',
  timestamp: '30/07/2025, 21:55:36'
}
{
  message: '409 Phone or password incorrect',
  level: 'error',
  timestamp: '30/07/2025, 21:55:37'
}
{
  message: '409 Phone or password incorrect',
  level: 'error',
  timestamp: '30/07/2025, 21:55:37'
}
{
  message: '409 Phone or password incorrect',
  level: 'error',
  timestamp: '30/07/2025, 21:55:38'
}
{
  message: '409 Phone or password incorrect',
  level: 'error',
  timestamp: '30/07/2025, 21:55:39'
}
{
  message: '409 Phone or password incorrect',
  level: 'error',
  timestamp: '30/07/2025, 21:55:39'
}
{
  message: '409 Phone or password incorrect',
  level: 'error',
  timestamp: '30/07/2025, 21:55:40'
}
