
{
  message: '409 Phone or password incorrect',
  level: 'error',
  timestamp: '30/07/2025, 21:55:36'
}
{
  message: '409 Phone or password incorrect',
  level: 'error',
  timestamp: '30/07/2025, 21:55:37'
}
{
  message: '409 Phone or password incorrect',
  level: 'error',
  timestamp: '30/07/2025, 21:55:37'
}
{
  message: '409 Phone or password incorrect',
  level: 'error',
  timestamp: '30/07/2025, 21:55:38'
}
{
  message: '409 Phone or password incorrect',
  level: 'error',
  timestamp: '30/07/2025, 21:55:39'
}
{
  message: '409 Phone or password incorrect',
  level: 'error',
  timestamp: '30/07/2025, 21:55:39'
}
{
  message: '409 Phone or password incorrect',
  level: 'error',
  timestamp: '30/07/2025, 21:55:40'
}
